<?xml version="1.0" encoding="UTF-8"?>
<!-- Generated by org.testng.reporters.JUnitXMLReporter -->
<testsuite hostname="xmchelap130" ignored="0" name="search-test-java" tests="1" failures="0" timestamp="30 Sep 2019 06:31:34 GMT" time="0.078" errors="0">
  <testcase name="@BeforeTest setupDriver" time="0.053" classname="com.tests.BaseTest">
    <failure type="java.lang.IllegalStateException" message="The path to the driver executable must be set by the webdriver.chrome.driver system property; for more information, see https://github.com/SeleniumHQ/selenium/wiki/ChromeDriver. The latest version can be downloaded from http://chromedriver.storage.googleapis.com/index.html">
      <![CDATA[java.lang.IllegalStateException: The path to the driver executable must be set by the webdriver.chrome.driver system property; for more information, see https://github.com/SeleniumHQ/selenium/wiki/ChromeDriver. The latest version can be downloaded from http://chromedriver.storage.googleapis.com/index.htmlat com.google.common.base.Preconditions.checkState(Preconditions.java:847)at org.openqa.selenium.remote.service.DriverService.findExecutable(DriverService.java:125)at org.openqa.selenium.chrome.ChromeDriverService.access$000(ChromeDriverService.java:35)at org.openqa.selenium.chrome.ChromeDriverService$Builder.findDefaultExecutable(ChromeDriverService.java:156)at org.openqa.selenium.remote.service.DriverService$Builder.build(DriverService.java:346)at org.openqa.selenium.chrome.ChromeDriverService.createDefaultService(ChromeDriverService.java:91)at org.openqa.selenium.chrome.ChromeDriver.<init>(ChromeDriver.java:157)at com.tests.BaseTest.setupDriver(BaseTest.java:40)... Removed 24 stack frames]]>
    </failure>
  </testcase> <!-- @BeforeTest setupDriver -->
  <testcase name="@AfterTest quitDriver" time="0.0" classname="com.tests.BaseTest">
    <skipped/>
  </testcase> <!-- @AfterTest quitDriver -->
  <testcase name="search" time="0.0" classname="com.searchmodule.tests.SearchTest">
    <skipped/>
  </testcase> <!-- search -->
</testsuite> <!-- search-test-java -->
